<?xml version="1.0" encoding="UTF-8"?>
<testng-results skipped="0" failed="0" ignored="0" total="1" passed="1">
  <reporter-output>
  </reporter-output>
  <suite name="Default suite" duration-ms="43517" started-at="2020-11-10T21:19:53 EST" finished-at="2020-11-10T21:20:37 EST">
    <groups>
    </groups>
    <test name="Default test" duration-ms="43517" started-at="2020-11-10T21:19:53 EST" finished-at="2020-11-10T21:20:37 EST">
      <class name="learnInterface2.TC001_Login">
        <test-method status="PASS" signature="login()[pri:0, instance:learnInterface2.TC001_Login@6c49835d]" name="login" duration-ms="43455" started-at="2020-11-10T21:19:53 EST" finished-at="2020-11-10T21:20:37 EST">
          <reporter-output>
          </reporter-output>
        </test-method> <!-- login -->
      </class> <!-- learnInterface2.TC001_Login -->
    </test> <!-- Default test -->
  </suite> <!-- Default suite -->
</testng-results>
