<?xml version="1.0" encoding="UTF-8"?>
<!-- Generated by org.testng.reporters.JUnitXMLReporter -->
<testsuite hostname="DESKTOP-J5095UJ" ignored="0" name="Test" tests="4" failures="0" timestamp="2020-10-26T20:38:25 EDT" time="101.986" errors="0">
  <testcase name="CreateLead" time="5.175" classname="utils2.CreateLead3"/>
  <testcase name="CreateLead" time="4.422" classname="utils2.CreateLead3"/>
  <testcase name="CreateLead" time="5.315" classname="utils2.CreateLead3"/>
  <testcase name="CreateLead" time="5.743" classname="utils2.CreateLead3"/>
</testsuite> <!-- Test -->
